Start testing: Feb 15 21:16 UTC
----------------------------------------------------------
1/3 Testing: vtkhdf_ug_file_type
1/3 Test: vtkhdf_ug_file_type
Command: "/app/build/test/vtkhdf_ug_test"
Directory: /app/build/test
"vtkhdf_ug_file_type" start time: Feb 15 21:16 UTC
Output:
----------------------------------------------------------
<end of output>
Test time =   0.02 sec
----------------------------------------------------------
Test Passed.
"vtkhdf_ug_file_type" end time: Feb 15 21:16 UTC
"vtkhdf_ug_file_type" time elapsed: 00:00:00
----------------------------------------------------------

2/3 Testing: vtkhdf_mb_file_type
2/3 Test: vtkhdf_mb_file_type
Command: "/app/build/test/vtkhdf_mb_test"
Directory: /app/build/test
"vtkhdf_mb_file_type" start time: Feb 15 21:16 UTC
Output:
----------------------------------------------------------
<end of output>
Test time =   0.02 sec
----------------------------------------------------------
Test Passed.
"vtkhdf_mb_file_type" end time: Feb 15 21:16 UTC
"vtkhdf_mb_file_type" time elapsed: 00:00:00
----------------------------------------------------------

3/3 Testing: test_leak
3/3 Test: test_leak
Command: "/app/build/test/test_leak"
Directory: /app/build/test
"test_leak" start time: Feb 15 21:16 UTC
Output:
----------------------------------------------------------
 First call value:    216172782113784121
 Second call value:    216172782113784121
 SUCCESS: Handles are the same. Leak prevented.
<end of output>
Test time =   0.01 sec
----------------------------------------------------------
Test Passed.
"test_leak" end time: Feb 15 21:16 UTC
"test_leak" time elapsed: 00:00:00
----------------------------------------------------------

End testing: Feb 15 21:16 UTC
